TN:
SF:tests\database\inMemory\entities\metereologicalEquipment.js
FN:3,<instance_members_initializer>
FN:6,createMetereologicalEquipment
FN:10,getFuncemeStations
FN:20,getFuncemePluviometers
FNF:4
FNH:3
FNDA:3,<instance_members_initializer>
FNDA:3,createMetereologicalEquipment
FNDA:0,getFuncemeStations
FNDA:3,getFuncemePluviometers
DA:1,1
DA:2,1
DA:3,1
DA:4,3
DA:5,3
DA:6,3
DA:7,3
DA:8,3
DA:9,3
DA:10,3
DA:11,0
DA:12,0
DA:13,0
DA:14,0
DA:15,0
DA:16,0
DA:17,0
DA:18,0
DA:19,3
DA:20,3
DA:21,3
DA:22,3
DA:23,3
DA:24,3
DA:25,3
DA:26,3
DA:27,3
DA:28,3
DA:29,3
DA:30,3
DA:31,3
DA:32,3
LF:32
LH:24
BRDA:3,0,0,3
BRDA:6,1,0,3
BRDA:20,2,0,3
BRDA:22,3,0,3
BRDA:25,4,0,3
BRF:5
BRH:5
end_of_record
TN:
SF:tests\database\inMemory\entities\pluviometerRead.js
FN:1,<instance_members_initializer>
FN:4,create
FN:13,list
FNF:3
FNH:3
FNDA:3,<instance_members_initializer>
FNDA:3,create
FNDA:3,list
DA:1,1
DA:2,3
DA:3,3
DA:4,3
DA:5,3
DA:6,3
DA:7,3
DA:8,3
DA:9,3
DA:10,3
DA:11,3
DA:12,3
DA:13,3
DA:14,3
DA:15,3
DA:16,3
LF:16
LH:16
BRDA:1,0,0,3
BRDA:4,1,0,3
BRDA:5,2,0,3
BRDA:13,3,0,3
BRF:4
BRH:4
end_of_record
TN:
SF:tests\database\inMemory\entities\readTime.js
FN:1,<instance_members_initializer>
FN:4,create
FN:20,getLastDate
FNF:3
FNH:1
FNDA:3,<instance_members_initializer>
FNDA:0,create
FNDA:0,getLastDate
DA:1,1
DA:2,3
DA:3,3
DA:4,3
DA:5,0
DA:6,0
DA:7,0
DA:8,0
DA:9,0
DA:10,0
DA:11,0
DA:12,0
DA:13,0
DA:14,0
DA:15,0
DA:16,0
DA:17,0
DA:18,0
DA:19,3
DA:20,3
DA:21,0
DA:22,0
DA:23,0
DA:24,0
DA:25,0
DA:26,0
DA:27,0
DA:28,0
DA:29,0
DA:30,0
DA:31,0
DA:32,3
LF:32
LH:7
BRDA:1,0,0,3
BRF:1
BRH:1
end_of_record
TN:
SF:tests\mock\funceme\ftp\connection.js
FN:5,FTPClientAdapterMock
FN:9,close
FN:16,status
FN:22,connect
FN:28,getFile
FNF:5
FNH:2
FNDA:3,FTPClientAdapterMock
FNDA:0,close
FNDA:0,status
FNDA:0,connect
FNDA:3,getFile
DA:1,1
DA:2,1
DA:3,1
DA:4,1
DA:5,1
DA:6,3
DA:7,3
DA:8,1
DA:9,1
DA:10,0
DA:11,0
DA:12,0
DA:13,0
DA:14,0
DA:15,1
DA:16,1
DA:17,0
DA:18,0
DA:19,0
DA:20,0
DA:21,1
DA:22,1
DA:23,0
DA:24,0
DA:25,0
DA:26,0
DA:27,1
DA:28,1
DA:29,3
DA:30,3
DA:31,3
DA:32,3
DA:33,3
DA:34,1
DA:35,1
DA:36,1
LF:36
LH:23
BRDA:5,0,0,3
BRDA:28,1,0,3
BRF:2
BRH:2
end_of_record
