TN:
SF:tests\database\inMemory\entities\logs.js
FN:1,<instance_members_initializer>
FN:3,create
FNF:2
FNH:2
FNDA:1,<instance_members_initializer>
FNDA:2,create
DA:1,1
DA:2,1
DA:3,1
DA:4,2
DA:5,2
DA:6,2
DA:7,0
DA:8,0
DA:9,0
DA:10,0
DA:11,0
DA:12,0
DA:13,2
DA:14,2
DA:15,4
DA:16,4
DA:17,4
DA:18,4
DA:19,4
DA:20,2
DA:21,2
DA:22,2
DA:23,2
DA:24,1
LF:24
LH:18
BRDA:1,0,0,1
BRDA:3,1,0,2
BRDA:6,2,0,0
BRDA:14,3,0,4
BRF:4
BRH:3
end_of_record
TN:
SF:tests\database\inMemory\entities\metereologicalEquipment.js
FN:3,<instance_members_initializer>
FN:6,MetereologicalEquipmentInMemory
FN:10,createMetereologicalEquipment
FN:14,getFuncemeStations
FN:24,getFuncemePluviometers
FNF:5
FNH:4
FNDA:1,<instance_members_initializer>
FNDA:1,MetereologicalEquipmentInMemory
FNDA:0,createMetereologicalEquipment
FNDA:1,getFuncemeStations
FNDA:1,getFuncemePluviometers
DA:1,1
DA:2,1
DA:3,1
DA:4,1
DA:5,1
DA:6,1
DA:7,1
DA:8,1
DA:9,1
DA:10,1
DA:11,0
DA:12,0
DA:13,1
DA:14,1
DA:15,1
DA:16,1
DA:17,1
DA:18,1
DA:19,1
DA:20,1
DA:21,1
DA:22,1
DA:23,1
DA:24,1
DA:25,1
DA:26,1
DA:27,1
DA:28,1
DA:29,1
DA:30,1
DA:31,1
DA:32,1
DA:33,1
DA:34,1
DA:35,1
DA:36,1
LF:36
LH:34
BRDA:3,0,0,1
BRDA:6,1,0,1
BRDA:7,2,0,0
BRDA:14,3,0,1
BRDA:16,4,0,2
BRDA:16,5,0,1
BRDA:19,6,0,1
BRDA:24,7,0,1
BRDA:26,8,0,2
BRDA:26,9,0,1
BRDA:29,10,0,1
BRF:11
BRH:10
end_of_record
TN:
SF:tests\database\inMemory\entities\pluviometerRead.js
FN:1,<instance_members_initializer>
FN:4,create
FN:13,list
FNF:3
FNH:2
FNDA:1,<instance_members_initializer>
FNDA:1,create
FNDA:0,list
DA:1,1
DA:2,1
DA:3,1
DA:4,1
DA:5,1
DA:6,1
DA:7,1
DA:8,1
DA:9,1
DA:10,1
DA:11,1
DA:12,1
DA:13,1
DA:14,0
DA:15,0
DA:16,1
LF:16
LH:14
BRDA:1,0,0,1
BRDA:4,1,0,1
BRDA:5,2,0,1
BRF:3
BRH:3
end_of_record
TN:
SF:tests\database\inMemory\entities\readTime.js
FN:1,<instance_members_initializer>
FN:4,create
FN:20,getLastDate
FNF:3
FNH:1
FNDA:2,<instance_members_initializer>
FNDA:0,create
FNDA:0,getLastDate
DA:1,1
DA:2,2
DA:3,2
DA:4,2
DA:5,0
DA:6,0
DA:7,0
DA:8,0
DA:9,0
DA:10,0
DA:11,0
DA:12,0
DA:13,0
DA:14,0
DA:15,0
DA:16,0
DA:17,0
DA:18,0
DA:19,2
DA:20,2
DA:21,0
DA:22,0
DA:23,0
DA:24,0
DA:25,0
DA:26,0
DA:27,0
DA:28,0
DA:29,0
DA:30,0
DA:31,0
DA:32,2
LF:32
LH:7
BRDA:1,0,0,2
BRF:1
BRH:1
end_of_record
TN:
SF:tests\database\inMemory\entities\stationRead.js
FN:1,<instance_members_initializer>
FN:4,create
FN:13,list
FNF:3
FNH:2
FNDA:1,<instance_members_initializer>
FNDA:1,create
FNDA:0,list
DA:1,1
DA:2,1
DA:3,1
DA:4,1
DA:5,1
DA:6,1
DA:7,1
DA:8,1
DA:9,1
DA:10,1
DA:11,1
DA:12,1
DA:13,1
DA:14,0
DA:15,0
DA:16,1
LF:16
LH:14
BRDA:1,0,0,1
BRDA:4,1,0,1
BRDA:5,2,0,1
BRF:3
BRH:3
end_of_record
TN:
SF:tests\factories\funceme\pluviometer-measures-data-miner.js
FN:13,default
FNF:1
FNH:1
FNDA:1,default
DA:1,1
DA:2,1
DA:3,1
DA:4,1
DA:5,1
DA:6,1
DA:7,1
DA:8,1
DA:9,1
DA:10,1
DA:11,1
DA:12,1
DA:13,1
DA:14,1
DA:15,1
DA:16,1
DA:17,1
DA:18,1
DA:19,1
DA:20,1
DA:21,1
DA:22,1
DA:23,1
DA:24,1
DA:25,1
DA:26,1
DA:27,1
DA:28,1
DA:29,1
DA:30,1
DA:31,1
DA:32,1
DA:33,1
LF:33
LH:33
BRDA:13,0,0,1
BRDA:24,1,0,0
BRF:2
BRH:1
end_of_record
TN:
SF:tests\factories\funceme\stations-measures-data-miner-service.js
FN:13,default
FNF:1
FNH:1
FNDA:1,default
DA:1,1
DA:2,1
DA:3,1
DA:4,1
DA:5,1
DA:6,1
DA:7,1
DA:8,1
DA:9,1
DA:10,1
DA:11,1
DA:12,1
DA:13,1
DA:14,1
DA:15,1
DA:16,1
DA:17,1
DA:18,1
DA:19,1
DA:20,1
DA:21,1
DA:22,1
DA:23,1
DA:24,1
DA:25,1
DA:26,1
DA:27,1
DA:28,1
DA:29,1
DA:30,1
DA:31,1
DA:32,1
DA:33,1
LF:33
LH:33
BRDA:13,0,0,1
BRDA:24,1,0,0
BRF:2
BRH:1
end_of_record
TN:
SF:tests\mock\funceme\ftp\connection.js
FN:5,FTPClientAdapterMock
FN:9,close
FN:16,status
FN:22,connect
FN:28,getFile
FNF:5
FNH:4
FNDA:3,FTPClientAdapterMock
FNDA:1,close
FNDA:0,status
FNDA:1,connect
FNDA:2,getFile
DA:1,1
DA:2,1
DA:3,1
DA:4,1
DA:5,1
DA:6,3
DA:7,3
DA:8,1
DA:9,1
DA:10,1
DA:11,1
DA:12,1
DA:13,1
DA:14,1
DA:15,1
DA:16,1
DA:17,0
DA:18,0
DA:19,0
DA:20,0
DA:21,1
DA:22,1
DA:23,1
DA:24,1
DA:25,1
DA:26,1
DA:27,1
DA:28,1
DA:29,2
DA:30,2
DA:31,2
DA:32,2
DA:33,2
DA:34,1
DA:35,1
DA:36,1
LF:36
LH:32
BRDA:5,0,0,3
BRDA:9,1,0,1
BRDA:10,2,0,1
BRDA:22,3,0,1
BRDA:23,4,0,1
BRDA:28,5,0,2
BRF:6
BRH:6
end_of_record
