TN:
SF:tests/mock/funceme/ftp/connection.js
FN:5,FTPClientAdapterMock
FN:9,close
FN:16,status
FN:22,connect
FN:28,getFile
FNF:5
FNH:4
FNDA:1,FTPClientAdapterMock
FNDA:1,close
FNDA:0,status
FNDA:1,connect
FNDA:2,getFile
DA:1,1
DA:2,1
DA:3,1
DA:4,1
DA:5,1
DA:6,1
DA:7,1
DA:8,1
DA:9,1
DA:10,1
DA:11,1
DA:12,1
DA:13,1
DA:14,1
DA:15,1
DA:16,1
DA:17,0
DA:18,0
DA:19,0
DA:20,0
DA:21,1
DA:22,1
DA:23,1
DA:24,1
DA:25,1
DA:26,1
DA:27,1
DA:28,1
DA:29,2
DA:30,2
DA:31,2
DA:32,2
DA:33,2
DA:34,1
DA:35,1
DA:36,1
LF:36
LH:32
BRDA:5,0,0,1
BRDA:9,1,0,1
BRDA:10,2,0,1
BRDA:22,3,0,1
BRDA:23,4,0,1
BRDA:28,5,0,2
BRF:6
BRH:6
end_of_record
