TN:
SF:tests\mock\infra\scrapper.js
FN:1,<instance_members_initializer>
FN:16,ScrapperMock
FN:30,launchBrowser
FN:36,openNewTab
FN:40,navigateToUrl
FN:44,getJSONResponseFromRequest
FN:46,closeBrowser
FN:52,closePage
FN:56,getElementHandler
FN:58,elementEvaluate
FN:60,pageEvaluate
FN:62,selectInputValue
FN:64,waitForElement
FN:66,setPageWindowViewPort
FNF:14
FNH:9
FNDA:3,<instance_members_initializer>
FNDA:3,ScrapperMock
FNDA:3,launchBrowser
FNDA:3,openNewTab
FNDA:3,navigateToUrl
FNDA:0,getJSONResponseFromRequest
FNDA:3,closeBrowser
FNDA:3,closePage
FNDA:0,getElementHandler
FNDA:0,elementEvaluate
FNDA:0,pageEvaluate
FNDA:9,selectInputValue
FNDA:3,waitForElement
FNDA:0,setPageWindowViewPort
DA:1,1
DA:2,3
DA:3,3
DA:4,3
DA:5,3
DA:6,3
DA:7,3
DA:8,3
DA:9,3
DA:10,3
DA:11,3
DA:12,3
DA:13,3
DA:14,3
DA:15,3
DA:16,3
DA:17,3
DA:18,3
DA:19,3
DA:20,3
DA:21,3
DA:22,3
DA:23,3
DA:24,3
DA:25,3
DA:26,3
DA:27,3
DA:28,3
DA:29,3
DA:30,3
DA:31,3
DA:32,3
DA:33,3
DA:34,3
DA:35,3
DA:36,3
DA:37,3
DA:38,3
DA:39,3
DA:40,3
DA:41,3
DA:42,3
DA:43,3
DA:44,3
DA:45,3
DA:46,3
DA:47,3
DA:48,3
DA:49,3
DA:50,3
DA:51,3
DA:52,3
DA:53,3
DA:54,3
DA:55,3
DA:56,3
DA:57,3
DA:58,3
DA:59,3
DA:60,3
DA:61,3
DA:62,3
DA:63,3
DA:64,3
DA:65,3
DA:66,3
DA:67,3
LF:67
LH:67
BRDA:1,0,0,3
BRDA:16,1,0,3
BRDA:30,2,0,3
BRDA:36,3,0,3
BRDA:40,4,0,3
BRDA:46,5,0,3
BRDA:52,6,0,3
BRDA:62,7,0,9
BRDA:64,8,0,3
BRF:9
BRH:9
end_of_record
